<?xml version="1.0" encoding="UTF-8"?>
<testsuite xmlns:xsi="http://www.w3.org/2001/XMLSchema-instance" xsi:noNamespaceSchemaLocation="https://maven.apache.org/surefire/maven-surefire-plugin/xsd/surefire-test-report.xsd" name="edu.practicum.ConstructorTest" time="19.923" tests="3" errors="0" skipped="0" failures="0">
  <properties>
[...]
</properties>
  <testcase name="bunSelectionInConstructorIsCorrect" classname="edu.practicum.ConstructorTest" time="9.301"/>
  <testcase name="sauceSelectionInConstructorIsCorrect" classname="edu.practicum.ConstructorTest" time="5.074"/>
  <testcase name="fillingSelectionInConstructorIsCorrect" classname="edu.practicum.ConstructorTest" time="5.282"/>
</testsuite>